components/forms/Button.tsx(2,20): error TS2307: Cannot find module '@/src/lib/utils' or its corresponding type declarations.
components/forms/Form.tsx(59,47): error TS2349: This expression is not callable.
  Type 'never' has no call signatures.
components/forms/Input.tsx(2,20): error TS2307: Cannot find module '@/src/lib/utils' or its corresponding type declarations.
components/forms/Select.tsx(2,20): error TS2307: Cannot find module '@/src/lib/utils' or its corresponding type declarations.
components/forms/Textarea.tsx(2,20): error TS2307: Cannot find module '@/src/lib/utils' or its corresponding type declarations.
